Number of Players found: 17
Player record selected: 11
Player selected: 26
Number of Unexplored Systems: 233
System record selected: 155
System selected: 165
Number of Players found: 17
Player record selected: 2
Player selected: 17
Number of Unexplored Systems: 233
System record selected: 228
System selected: 245
Number of Players found: 17
Player record selected: 15
Player selected: 30
Number of Unexplored Systems: 230
System record selected: 158
System selected: 172
Number of Players found: 17
Player record selected: 8
Player selected: 23
Number of Unexplored Systems: 230
System record selected: 221
System selected: 241
Number of Players found: 17
Player record selected: 7
Player selected: 22
Number of Unexplored Systems: 228
System record selected: 203
System selected: 223
Number of Players found: 17
Player record selected: 13
Player selected: 28
Number of Unexplored Systems: 226
System record selected: 118
System selected: 130
Number of Players found: 17
Player record selected: 12
Player selected: 27
Number of Unexplored Systems: 226
System record selected: 41
System selected: 44
Number of Players found: 17
Player record selected: 2
Player selected: 17
Number of Unexplored Systems: 212
System record selected: 176
System selected: 207
Number of Players found: 17
Player record selected: 9
Player selected: 24
Number of Unexplored Systems: 200
System record selected: 5
System selected: 7
Number of Players found: 17
Player record selected: 7
Player selected: 21
Number of Unexplored Systems: 230
System record selected: 50
System selected: 55
Number of Players found: 17
Player record selected: 0
Player selected: 1
Number of Unexplored Systems: 230
System record selected: 219
System selected: 239
Number of Players found: 17
Player record selected: 14
Player selected: 29
Number of Unexplored Systems: 230
System record selected: 88
System selected: 98
Number of Players found: 17
Player record selected: 6
Player selected: 21
Number of Unexplored Systems: 230
System record selected: 39
System selected: 42
Number of Players found: 17
Player record selected: 12
Player selected: 27
Number of Unexplored Systems: 232
System record selected: 24
System selected: 24
Number of Players found: 17
Player record selected: 6
Player selected: 21
Number of Unexplored Systems: 229
System record selected: 80
System selected: 88
Number of Players found: 15
Player record selected: 10
Player selected: 26
Number of Unexplored Systems: 228
System record selected: 172
System selected: 192
Number of Players found: 15
Player record selected: 12
Player selected: 28
Number of Unexplored Systems: 228
System record selected: 22
System selected: 23
Number of Players found: 15
Player record selected: 7
Player selected: 23
Number of Unexplored Systems: 227
System record selected: 3
System selected: 3
Number of Players found: 17
Player record selected: 12
Player selected: 27
Number of Unexplored Systems: 232
System record selected: 182
System selected: 195
Number of Players found: 17
Player record selected: 10
Player selected: 25
Number of Unexplored Systems: 231
System record selected: 140
System selected: 149
Number of Players found: 17
Player record selected: 5
Player selected: 20
Number of Unexplored Systems: 231
System record selected: 72
System selected: 79
Number of Players found: 17
Player record selected: 2
Player selected: 17
Number of Unexplored Systems: 229
System record selected: 171
System selected: 190
Number of Players found: 17
Player record selected: 2
Player selected: 17
Number of Unexplored Systems: 234
System record selected: 131
System selected: 144
Number of Players found: 17
Player record selected: 2
Player selected: 17
Number of Unexplored Systems: 233
System record selected: 130
System selected: 143
Number of Players found: 17
Player record selected: 9
Player selected: 24
Number of Unexplored Systems: 234
System record selected: 89
System selected: 99
Number of Players found: 15
Player record selected: 13
Player selected: 30
Number of Unexplored Systems: 228
System record selected: 43
System selected: 45
Number of Players found: 17
Player record selected: 2
Player selected: 17
Number of Unexplored Systems: 229
System record selected: 75
System selected: 79
Number of Players found: 18
Player record selected: 10
Player selected: 24
Number of Unexplored Systems: 233
System record selected: 155
System selected: 166
Number of Players found: 18
Player record selected: 15
Player selected: 29
Number of Unexplored Systems: 233
System record selected: 181
System selected: 192
Number of Players found: 17
Player record selected: 11
Player selected: 25
Number of Unexplored Systems: 218
System record selected: 112
System selected: 120
Number of Players found: 17
Player record selected: 1
Player selected: 16
Number of Unexplored Systems: 233
System record selected: 32
System selected: 32
Number of Players found: 16
Player record selected: 2
Player selected: 17
Number of Unexplored Systems: 148
System record selected: 128
System selected: 228
Number of Players found: 16
Player record selected: 8
Player selected: 23
Number of Unexplored Systems: 202
System record selected: 171
System selected: 212
Number of Players found: 16
Player record selected: 10
Player selected: 26
Number of Unexplored Systems: 227
System record selected: 123
System selected: 131
Number of Players found: 18
Player record selected: 2
Player selected: 16
Number of Unexplored Systems: 237
System record selected: 163
System selected: 170
Number of Players found: 17
Player record selected: 0
Player selected: 1
Number of Unexplored Systems: 232
System record selected: 83
System selected: 91
Number of Players found: 17
Player record selected: 15
Player selected: 30
Number of Unexplored Systems: 232
System record selected: 6
System selected: 6
Number of Players found: 17
Player record selected: 14
Player selected: 29
Number of Unexplored Systems: 231
System record selected: 142
System selected: 154
Number of Players found: 17
Player record selected: 12
Player selected: 27
Number of Unexplored Systems: 119
System record selected: 95
System selected: 219
Number of Players found: 17
Player record selected: 7
Player selected: 22
Number of Unexplored Systems: 109
System record selected: 74
System selected: 186
Number of Players found: 17
Player record selected: 6
Player selected: 21
Number of Unexplored Systems: 234
System record selected: 86
System selected: 92
Number of Players found: 17
Player record selected: 11
Player selected: 26
Number of Unexplored Systems: 234
System record selected: 224
System selected: 240
Number of Players found: 18
Player record selected: 12
Player selected: 26
Number of Unexplored Systems: 224
System record selected: 54
System selected: 58
Number of Players found: 16
Player record selected: 2
Player selected: 17
Number of Unexplored Systems: 233
System record selected: 103
System selected: 111
Number of Players found: 14
Player record selected: 3
Player selected: 18
Number of Unexplored Systems: 233
System record selected: 96
System selected: 103
Number of Players found: 14
Player record selected: 8
Player selected: 25
Number of Unexplored Systems: 232
System record selected: 125
System selected: 135
Number of Players found: 17
Player record selected: 8
Player selected: 23
Number of Unexplored Systems: 229
System record selected: 104
System selected: 110
Number of Players found: 17
Player record selected: 6
Player selected: 21
Number of Unexplored Systems: 229
System record selected: 141
System selected: 151
Number of Players found: 18
Player record selected: 15
Player selected: 29
Number of Unexplored Systems: 188
System record selected: 34
System selected: 71
Number of Players found: 18
Player record selected: 8
Player selected: 22
Number of Unexplored Systems: 226
System record selected: 197
System selected: 218
Number of Players found: 16
Player record selected: 11
Player selected: 26
Number of Unexplored Systems: 187
System record selected: 38
System selected: 55
Number of Players found: 18
Player record selected: 6
Player selected: 20
Number of Unexplored Systems: 231
System record selected: 203
System selected: 219
Number of Players found: 18
Player record selected: 0
Player selected: 1
Number of Unexplored Systems: 230
System record selected: 177
System selected: 191
Number of Players found: 18
Player record selected: 9
Player selected: 23
Number of Unexplored Systems: 210
System record selected: 27
System selected: 33
Number of Players found: 17
Player record selected: 9
Player selected: 24
Number of Unexplored Systems: 234
System record selected: 189
System selected: 203
Number of Players found: 17
Player record selected: 10
Player selected: 25
Number of Unexplored Systems: 234
System record selected: 181
System selected: 194
Number of Players found: 17
Player record selected: 7
Player selected: 22
Number of Unexplored Systems: 227
System record selected: 184
System selected: 201
Number of Players found: 17
Player record selected: 9
Player selected: 24
Number of Unexplored Systems: 236
System record selected: 11
System selected: 11
Number of Players found: 24
Player record selected: 21
Player selected: 29
Number of Unexplored Systems: 237
System record selected: 135
System selected: 143
Number of Players found: 24
Player record selected: 17
Player selected: 25
Number of Unexplored Systems: 237
System record selected: 161
System selected: 171
Number of Players found: 8
Player record selected: 5
Player selected: 29
Number of Unexplored Systems: 223
System record selected: 129
System selected: 146
Number of Players found: 12
Player record selected: 6
Player selected: 26
Number of Unexplored Systems: 236
System record selected: 43
System selected: 44
Number of Players found: 12
Player record selected: 3
Player selected: 23
Number of Unexplored Systems: 95
System record selected: 77
System selected: 82
Number of Players found: 12
Player record selected: 4
Player selected: 24
Number of Unexplored Systems: 91
System record selected: 38
System selected: 42
Number of Players found: 6
Player record selected: 1
Player selected: 27
Number of Unexplored Systems: 49
System record selected: 6
System selected: 7
Number of Players found: 6
Player record selected: 3
Player selected: 29
Number of Unexplored Systems: 49
System record selected: 4
System selected: 5
Number of Players found: 6
Player record selected: 4
Player selected: 30
Number of Unexplored Systems: 49
System record selected: 44
System selected: 50
